[INFO ] 2024-10-27 17:26:30.547 [main] Log -  login clicked again
[INFO ] 2024-10-27 19:38:23.514 [main] Log -  login clicked again
[INFO ] 2024-10-27 19:38:23.545 [main] Log - text
[INFO ] 2024-10-27 19:38:23.545 [main] Log - assertion passed
[INFO ] 2024-10-27 19:38:28.409 [main] Log -  order clicked
[INFO ] 2024-10-28 11:54:37.729 [main] Log -  login clicked again
[INFO ] 2024-10-28 11:57:58.255 [main] Log -  login clicked again
[INFO ] 2024-10-28 11:57:58.307 [main] Log - rajat.joshi087
[INFO ] 2024-10-28 11:57:58.307 [main] Log - assertion passed
[INFO ] 2024-10-28 11:58:01.398 [main] Log -  order clicked
[INFO ] 2024-10-28 12:15:23.029 [main] Log -  login clicked again
[INFO ] 2024-10-28 12:15:23.076 [main] Log - rajat.joshi087
[INFO ] 2024-10-28 12:15:23.076 [main] Log - assertion passed
[INFO ] 2024-10-28 12:15:24.768 [main] Log -  order clicked
[INFO ] 2024-10-28 12:23:09.196 [main] Log -  login clicked again
[INFO ] 2024-10-28 12:23:09.226 [main] Log - rajat.joshi087
[INFO ] 2024-10-28 12:23:09.227 [main] Log - assertion passed
[INFO ] 2024-10-28 12:23:11.115 [main] Log -  order clicked
[INFO ] 2024-10-28 12:59:06.470 [main] Log -  login clicked again
[INFO ] 2024-10-28 12:59:06.516 [main] Log - rajat.joshi087
[INFO ] 2024-10-28 12:59:06.516 [main] Log - assertion passed
[INFO ] 2024-10-28 12:59:09.551 [main] Log -  order clicked
[INFO ] 2024-10-28 13:11:00.848 [main] Log -  login clicked again
[INFO ] 2024-10-28 13:11:00.898 [main] Log - rajat.joshi087
[INFO ] 2024-10-28 13:11:00.898 [main] Log - assertion passed
[INFO ] 2024-10-28 13:11:02.746 [main] Log -  order clicked
[INFO ] 2024-10-28 14:12:04.722 [main] Log -  login clicked again
[INFO ] 2024-10-28 14:12:04.765 [main] Log - rajat.joshi087
[INFO ] 2024-10-28 14:12:04.765 [main] Log - assertion passed
[INFO ] 2024-10-28 14:12:06.609 [main] Log -  order clicked
[INFO ] 2024-10-28 14:24:24.531 [main] Log -  login clicked again
[INFO ] 2024-10-28 14:24:24.578 [main] Log - rajat.joshi087
[INFO ] 2024-10-28 14:24:24.578 [main] Log - assertion passed
[INFO ] 2024-10-28 14:24:26.412 [main] Log -  order clicked
[INFO ] 2024-10-28 16:03:23.577 [main] Log -  login clicked again
[INFO ] 2024-10-28 16:03:23.616 [main] Log - rajat.joshi087
[INFO ] 2024-10-28 16:03:23.617 [main] Log - assertion passed
[INFO ] 2024-10-28 16:03:25.869 [main] Log -  order clicked
[INFO ] 2024-10-28 16:19:31.756 [main] Log -  login clicked again
[INFO ] 2024-10-28 16:19:31.789 [main] Log - rajat.joshi087
[INFO ] 2024-10-28 16:19:31.789 [main] Log - assertion passed
[INFO ] 2024-10-28 16:19:34.081 [main] Log -  order clicked
[INFO ] 2024-10-28 17:16:20.523 [main] Log -  login clicked again
[INFO ] 2024-10-28 17:16:20.559 [main] Log - rajat.joshi087
[INFO ] 2024-10-28 17:16:20.559 [main] Log - assertion passed
[INFO ] 2024-10-28 17:16:22.525 [main] Log -  order clicked
[INFO ] 2024-10-29 10:37:52.234 [main] Log -  login clicked again
[INFO ] 2024-10-29 10:37:52.277 [main] Log - rajat.joshi087
[INFO ] 2024-10-29 10:37:52.277 [main] Log - assertion passed
[INFO ] 2024-10-29 10:37:54.151 [main] Log -  order clicked
[INFO ] 2024-10-29 11:44:13.679 [main] Log - =====================================verify TEST START=========================================
[INFO ] 2024-10-29 12:16:42.305 [main] Log - =====================================verify TEST START=========================================
[INFO ] 2024-10-29 12:18:16.857 [main] Log - =====================================verify TEST START=========================================
[INFO ] 2024-10-29 12:20:06.262 [main] Log - =====================================verify TEST START=========================================
[INFO ] 2024-10-29 12:24:25.639 [main] Log - =====================================verify TEST START=========================================
[INFO ] 2024-10-29 12:29:31.531 [main] Log - =====================================verify TEST START=========================================
[INFO ] 2024-10-29 12:40:13.946 [main] Log - =====================================verify TEST START=========================================
[INFO ] 2024-10-29 12:41:19.911 [main] Log - =====================================verify TEST START=========================================
